<?xml version="1.0" encoding="UTF-8"?>
<!-- Generated by org.testng.reporters.JUnitReportReporter -->
<testsuite skipped="0" hostname="BDC6-DX-J0R79F2" name="com.casestudy.OnlineShoppingTest" tests="4" failures="0" timestamp="19 Jul 2019 08:01:38 GMT" time="39.185" errors="0">
  <testcase name="testRegistration" time="6.617" classname="com.casestudy.OnlineShoppingTest"/>
  <testcase name="testLogin" time="15.455" classname="com.casestudy.OnlineShoppingTest"/>
  <testcase name="testCart" time="7.336" classname="com.casestudy.OnlineShoppingTest"/>
  <testcase name="testPayment" time="9.777" classname="com.casestudy.OnlineShoppingTest"/>
</testsuite> <!-- com.casestudy.OnlineShoppingTest -->
